DEBUG 2025-05-27 03:48:34,210 functional 13 140481223669440 
def send_mail_otp_forgot_password(self, subject, user_id, otp_code, otp_expiry_minutes, current_language_code):
    return 1

DEBUG 2025-05-27 03:48:34,212 functional 13 140481223669440 
def group(self, tasks, result, group_id, partial_args, add_to_parent=0):
    return 1

DEBUG 2025-05-27 03:48:34,212 functional 13 140481223669440 
def xmap(task, it):
    return 1

DEBUG 2025-05-27 03:48:34,213 functional 13 140481223669440 
def backend_cleanup():
    return 1

DEBUG 2025-05-27 03:48:34,213 functional 13 140481223669440 
def chain(*args, **kwargs):
    return 1

DEBUG 2025-05-27 03:48:34,214 functional 13 140481223669440 
def xstarmap(task, it):
    return 1

DEBUG 2025-05-27 03:48:34,214 functional 13 140481223669440 
def accumulate(self, *args, **kwargs):
    return 1

DEBUG 2025-05-27 03:48:34,214 functional 13 140481223669440 
def send_mail_login_failed_deactivate(self, subject, user_id, current_language_code):
    return 1

DEBUG 2025-05-27 03:48:34,215 functional 13 140481223669440 
def chord(self, header, body, partial_args=0, interval=1, countdown=2, max_retries=3, eager=4, **kwargs):
    return 1

DEBUG 2025-05-27 03:48:34,215 functional 13 140481223669440 
def chunks(task, it, n):
    return 1

DEBUG 2025-05-27 03:48:34,216 functional 13 140481223669440 
def unlock_chord(self, group_id, callback, interval=0, max_retries=1, result=2, Result=3, GroupResult=4, result_from_tuple=5, **kwargs):
    return 1

DEBUG 2025-05-27 04:05:42,879 functional 25 139782968522432 
def send_mail_otp_forgot_password(self, subject, user_id, otp_code, otp_expiry_minutes, current_language_code):
    return 1

DEBUG 2025-05-27 04:05:42,880 functional 25 139782968522432 
def group(self, tasks, result, group_id, partial_args, add_to_parent=0):
    return 1

DEBUG 2025-05-27 04:05:42,881 functional 25 139782968522432 
def xmap(task, it):
    return 1

DEBUG 2025-05-27 04:05:42,881 functional 25 139782968522432 
def backend_cleanup():
    return 1

DEBUG 2025-05-27 04:05:42,881 functional 25 139782968522432 
def chain(*args, **kwargs):
    return 1

DEBUG 2025-05-27 04:05:42,882 functional 25 139782968522432 
def xstarmap(task, it):
    return 1

DEBUG 2025-05-27 04:05:42,882 functional 25 139782968522432 
def accumulate(self, *args, **kwargs):
    return 1

DEBUG 2025-05-27 04:05:42,883 functional 25 139782968522432 
def send_mail_login_failed_deactivate(self, subject, user_id, current_language_code):
    return 1

DEBUG 2025-05-27 04:05:42,883 functional 25 139782968522432 
def chord(self, header, body, partial_args=0, interval=1, countdown=2, max_retries=3, eager=4, **kwargs):
    return 1

DEBUG 2025-05-27 04:05:42,884 functional 25 139782968522432 
def chunks(task, it, n):
    return 1

DEBUG 2025-05-27 04:05:42,884 functional 25 139782968522432 
def unlock_chord(self, group_id, callback, interval=0, max_retries=1, result=2, Result=3, GroupResult=4, result_from_tuple=5, **kwargs):
    return 1

DEBUG 2025-05-27 04:06:34,944 functional 29 140211812034240 
def send_mail_otp_forgot_password(self, subject, user_id, otp_code, otp_expiry_minutes, current_language_code):
    return 1

DEBUG 2025-05-27 04:06:34,946 functional 29 140211812034240 
def group(self, tasks, result, group_id, partial_args, add_to_parent=0):
    return 1

DEBUG 2025-05-27 04:06:34,946 functional 29 140211812034240 
def xmap(task, it):
    return 1

DEBUG 2025-05-27 04:06:34,947 functional 29 140211812034240 
def backend_cleanup():
    return 1

DEBUG 2025-05-27 04:06:34,947 functional 29 140211812034240 
def chain(*args, **kwargs):
    return 1

DEBUG 2025-05-27 04:06:34,947 functional 29 140211812034240 
def xstarmap(task, it):
    return 1

DEBUG 2025-05-27 04:06:34,948 functional 29 140211812034240 
def accumulate(self, *args, **kwargs):
    return 1

DEBUG 2025-05-27 04:06:34,948 functional 29 140211812034240 
def send_mail_login_failed_deactivate(self, subject, user_id, current_language_code):
    return 1

DEBUG 2025-05-27 04:06:34,948 functional 29 140211812034240 
def chord(self, header, body, partial_args=0, interval=1, countdown=2, max_retries=3, eager=4, **kwargs):
    return 1

DEBUG 2025-05-27 04:06:34,949 functional 29 140211812034240 
def chunks(task, it, n):
    return 1

DEBUG 2025-05-27 04:06:34,949 functional 29 140211812034240 
def unlock_chord(self, group_id, callback, interval=0, max_retries=1, result=2, Result=3, GroupResult=4, result_from_tuple=5, **kwargs):
    return 1

DEBUG 2025-05-27 04:08:37,201 functional 33 140441179600576 
def group(self, tasks, result, group_id, partial_args, add_to_parent=0):
    return 1

DEBUG 2025-05-27 04:08:37,203 functional 33 140441179600576 
def xmap(task, it):
    return 1

DEBUG 2025-05-27 04:08:37,205 functional 33 140441179600576 
def backend_cleanup():
    return 1

DEBUG 2025-05-27 04:08:37,206 functional 33 140441179600576 
def send_mail_login_failed_deactivate(self, subject, user_id, current_language_code):
    return 1

DEBUG 2025-05-27 04:08:37,206 functional 33 140441179600576 
def chain(*args, **kwargs):
    return 1

DEBUG 2025-05-27 04:08:37,207 functional 33 140441179600576 
def xstarmap(task, it):
    return 1

DEBUG 2025-05-27 04:08:37,207 functional 33 140441179600576 
def send_mail_otp_forgot_password(self, subject, user_id, otp_code, otp_expiry_minutes, current_language_code):
    return 1

DEBUG 2025-05-27 04:08:37,208 functional 33 140441179600576 
def accumulate(self, *args, **kwargs):
    return 1

DEBUG 2025-05-27 04:08:37,208 functional 33 140441179600576 
def chord(self, header, body, partial_args=0, interval=1, countdown=2, max_retries=3, eager=4, **kwargs):
    return 1

DEBUG 2025-05-27 04:08:37,208 functional 33 140441179600576 
def chunks(task, it, n):
    return 1

DEBUG 2025-05-27 04:08:37,209 functional 33 140441179600576 
def unlock_chord(self, group_id, callback, interval=0, max_retries=1, result=2, Result=3, GroupResult=4, result_from_tuple=5, **kwargs):
    return 1

DEBUG 2025-05-27 04:11:14,318 functional 11 140147735656128 
def send_mail_otp_forgot_password(self, subject, user_id, otp_code, otp_expiry_minutes, current_language_code):
    return 1

DEBUG 2025-05-27 04:11:14,320 functional 11 140147735656128 
def group(self, tasks, result, group_id, partial_args, add_to_parent=0):
    return 1

DEBUG 2025-05-27 04:11:14,320 functional 11 140147735656128 
def xmap(task, it):
    return 1

DEBUG 2025-05-27 04:11:14,320 functional 11 140147735656128 
def backend_cleanup():
    return 1

DEBUG 2025-05-27 04:11:14,321 functional 11 140147735656128 
def chain(*args, **kwargs):
    return 1

DEBUG 2025-05-27 04:11:14,321 functional 11 140147735656128 
def xstarmap(task, it):
    return 1

DEBUG 2025-05-27 04:11:14,321 functional 11 140147735656128 
def accumulate(self, *args, **kwargs):
    return 1

DEBUG 2025-05-27 04:11:14,322 functional 11 140147735656128 
def send_mail_login_failed_deactivate(self, subject, user_id, current_language_code):
    return 1

DEBUG 2025-05-27 04:11:14,323 functional 11 140147735656128 
def chord(self, header, body, partial_args=0, interval=1, countdown=2, max_retries=3, eager=4, **kwargs):
    return 1

DEBUG 2025-05-27 04:11:14,323 functional 11 140147735656128 
def chunks(task, it, n):
    return 1

DEBUG 2025-05-27 04:11:14,324 functional 11 140147735656128 
def unlock_chord(self, group_id, callback, interval=0, max_retries=1, result=2, Result=3, GroupResult=4, result_from_tuple=5, **kwargs):
    return 1

DEBUG 2025-05-27 04:12:13,244 functional 9 140466212251328 
def group(self, tasks, result, group_id, partial_args, add_to_parent=0):
    return 1

DEBUG 2025-05-27 04:12:13,246 functional 9 140466212251328 
def xmap(task, it):
    return 1

DEBUG 2025-05-27 04:12:13,248 functional 9 140466212251328 
def backend_cleanup():
    return 1

DEBUG 2025-05-27 04:12:13,250 functional 9 140466212251328 
def send_mail_login_failed_deactivate(self, subject, user_id, current_language_code):
    return 1

DEBUG 2025-05-27 04:12:13,253 functional 9 140466212251328 
def chain(*args, **kwargs):
    return 1

DEBUG 2025-05-27 04:12:13,254 functional 9 140466212251328 
def xstarmap(task, it):
    return 1

DEBUG 2025-05-27 04:12:13,255 functional 9 140466212251328 
def send_mail_otp_forgot_password(self, subject, user_id, otp_code, otp_expiry_minutes, current_language_code):
    return 1

DEBUG 2025-05-27 04:12:13,255 functional 9 140466212251328 
def accumulate(self, *args, **kwargs):
    return 1

DEBUG 2025-05-27 04:12:13,255 functional 9 140466212251328 
def chord(self, header, body, partial_args=0, interval=1, countdown=2, max_retries=3, eager=4, **kwargs):
    return 1

DEBUG 2025-05-27 04:12:13,256 functional 9 140466212251328 
def chunks(task, it, n):
    return 1

DEBUG 2025-05-27 04:12:13,256 functional 9 140466212251328 
def unlock_chord(self, group_id, callback, interval=0, max_retries=1, result=2, Result=3, GroupResult=4, result_from_tuple=5, **kwargs):
    return 1

DEBUG 2025-05-27 04:15:34,845 functional 9 140279635982016 
def send_mail_login_failed_deactivate(self, subject, user_id, current_language_code):
    return 1

DEBUG 2025-05-27 04:15:34,848 functional 9 140279635982016 
def group(self, tasks, result, group_id, partial_args, add_to_parent=0):
    return 1

DEBUG 2025-05-27 04:15:34,849 functional 9 140279635982016 
def xmap(task, it):
    return 1

DEBUG 2025-05-27 04:15:34,851 functional 9 140279635982016 
def backend_cleanup():
    return 1

DEBUG 2025-05-27 04:15:34,851 functional 9 140279635982016 
def send_mail_otp_forgot_password(self, subject, user_id, otp_code, otp_expiry_minutes, current_language_code):
    return 1

DEBUG 2025-05-27 04:15:34,852 functional 9 140279635982016 
def chain(*args, **kwargs):
    return 1

DEBUG 2025-05-27 04:15:34,852 functional 9 140279635982016 
def xstarmap(task, it):
    return 1

DEBUG 2025-05-27 04:15:34,853 functional 9 140279635982016 
def accumulate(self, *args, **kwargs):
    return 1

DEBUG 2025-05-27 04:15:34,853 functional 9 140279635982016 
def chord(self, header, body, partial_args=0, interval=1, countdown=2, max_retries=3, eager=4, **kwargs):
    return 1

DEBUG 2025-05-27 04:15:34,854 functional 9 140279635982016 
def chunks(task, it, n):
    return 1

DEBUG 2025-05-27 04:15:34,854 functional 9 140279635982016 
def unlock_chord(self, group_id, callback, interval=0, max_retries=1, result=2, Result=3, GroupResult=4, result_from_tuple=5, **kwargs):
    return 1

DEBUG 2025-05-27 04:17:37,125 functional 11 139655860135616 
def group(self, tasks, result, group_id, partial_args, add_to_parent=0):
    return 1

DEBUG 2025-05-27 04:17:37,127 functional 11 139655860135616 
def xmap(task, it):
    return 1

DEBUG 2025-05-27 04:17:37,127 functional 11 139655860135616 
def backend_cleanup():
    return 1

DEBUG 2025-05-27 04:17:37,127 functional 11 139655860135616 
def send_mail_login_failed_deactivate(self, subject, user_id, current_language_code):
    return 1

DEBUG 2025-05-27 04:17:37,128 functional 11 139655860135616 
def chain(*args, **kwargs):
    return 1

DEBUG 2025-05-27 04:17:37,128 functional 11 139655860135616 
def xstarmap(task, it):
    return 1

DEBUG 2025-05-27 04:17:37,129 functional 11 139655860135616 
def send_mail_otp_forgot_password(self, subject, user_id, otp_code, otp_expiry_minutes, current_language_code):
    return 1

DEBUG 2025-05-27 04:17:37,129 functional 11 139655860135616 
def accumulate(self, *args, **kwargs):
    return 1

DEBUG 2025-05-27 04:17:37,129 functional 11 139655860135616 
def chord(self, header, body, partial_args=0, interval=1, countdown=2, max_retries=3, eager=4, **kwargs):
    return 1

DEBUG 2025-05-27 04:17:37,130 functional 11 139655860135616 
def chunks(task, it, n):
    return 1

DEBUG 2025-05-27 04:17:37,130 functional 11 139655860135616 
def unlock_chord(self, group_id, callback, interval=0, max_retries=1, result=2, Result=3, GroupResult=4, result_from_tuple=5, **kwargs):
    return 1

DEBUG 2025-05-27 04:23:36,417 functional 9 140710040827584 
def group(self, tasks, result, group_id, partial_args, add_to_parent=0):
    return 1

DEBUG 2025-05-27 04:23:36,418 functional 9 140710040827584 
def xmap(task, it):
    return 1

DEBUG 2025-05-27 04:23:36,419 functional 9 140710040827584 
def backend_cleanup():
    return 1

DEBUG 2025-05-27 04:23:36,419 functional 9 140710040827584 
def send_mail_login_failed_deactivate(self, subject, user_id, current_language_code):
    return 1

DEBUG 2025-05-27 04:23:36,419 functional 9 140710040827584 
def chain(*args, **kwargs):
    return 1

DEBUG 2025-05-27 04:23:36,420 functional 9 140710040827584 
def xstarmap(task, it):
    return 1

DEBUG 2025-05-27 04:23:36,421 functional 9 140710040827584 
def send_mail_otp_forgot_password(self, subject, user_id, otp_code, otp_expiry_minutes, current_language_code):
    return 1

DEBUG 2025-05-27 04:23:36,422 functional 9 140710040827584 
def accumulate(self, *args, **kwargs):
    return 1

DEBUG 2025-05-27 04:23:36,423 functional 9 140710040827584 
def chord(self, header, body, partial_args=0, interval=1, countdown=2, max_retries=3, eager=4, **kwargs):
    return 1

DEBUG 2025-05-27 04:23:36,424 functional 9 140710040827584 
def chunks(task, it, n):
    return 1

DEBUG 2025-05-27 04:23:36,424 functional 9 140710040827584 
def unlock_chord(self, group_id, callback, interval=0, max_retries=1, result=2, Result=3, GroupResult=4, result_from_tuple=5, **kwargs):
    return 1

DEBUG 2025-05-27 04:27:31,291 functional 9 139686281426624 
def group(self, tasks, result, group_id, partial_args, add_to_parent=0):
    return 1

DEBUG 2025-05-27 04:27:31,292 functional 9 139686281426624 
def xmap(task, it):
    return 1

DEBUG 2025-05-27 04:27:31,292 functional 9 139686281426624 
def backend_cleanup():
    return 1

DEBUG 2025-05-27 04:27:31,293 functional 9 139686281426624 
def send_mail_login_failed_deactivate(self, subject, user_id, current_language_code):
    return 1

DEBUG 2025-05-27 04:27:31,293 functional 9 139686281426624 
def chain(*args, **kwargs):
    return 1

DEBUG 2025-05-27 04:27:31,294 functional 9 139686281426624 
def xstarmap(task, it):
    return 1

DEBUG 2025-05-27 04:27:31,294 functional 9 139686281426624 
def send_mail_otp_forgot_password(self, subject, user_id, otp_code, otp_expiry_minutes, current_language_code):
    return 1

DEBUG 2025-05-27 04:27:31,294 functional 9 139686281426624 
def accumulate(self, *args, **kwargs):
    return 1

DEBUG 2025-05-27 04:27:31,294 functional 9 139686281426624 
def chord(self, header, body, partial_args=0, interval=1, countdown=2, max_retries=3, eager=4, **kwargs):
    return 1

DEBUG 2025-05-27 04:27:31,295 functional 9 139686281426624 
def chunks(task, it, n):
    return 1

DEBUG 2025-05-27 04:27:31,295 functional 9 139686281426624 
def unlock_chord(self, group_id, callback, interval=0, max_retries=1, result=2, Result=3, GroupResult=4, result_from_tuple=5, **kwargs):
    return 1

DEBUG 2025-05-27 04:40:27,392 functional 9 140468637656768 
def group(self, tasks, result, group_id, partial_args, add_to_parent=0):
    return 1

DEBUG 2025-05-27 04:40:27,393 functional 9 140468637656768 
def xmap(task, it):
    return 1

DEBUG 2025-05-27 04:40:27,394 functional 9 140468637656768 
def backend_cleanup():
    return 1

DEBUG 2025-05-27 04:40:27,395 functional 9 140468637656768 
def send_mail_login_failed_deactivate(self, subject, user_id, current_language_code):
    return 1

DEBUG 2025-05-27 04:40:27,395 functional 9 140468637656768 
def chain(*args, **kwargs):
    return 1

DEBUG 2025-05-27 04:40:27,396 functional 9 140468637656768 
def xstarmap(task, it):
    return 1

DEBUG 2025-05-27 04:40:27,396 functional 9 140468637656768 
def send_mail_otp_forgot_password(self, subject, user_id, otp_code, otp_expiry_minutes, current_language_code):
    return 1

DEBUG 2025-05-27 04:40:27,397 functional 9 140468637656768 
def accumulate(self, *args, **kwargs):
    return 1

DEBUG 2025-05-27 04:40:27,397 functional 9 140468637656768 
def chord(self, header, body, partial_args=0, interval=1, countdown=2, max_retries=3, eager=4, **kwargs):
    return 1

DEBUG 2025-05-27 04:40:27,398 functional 9 140468637656768 
def chunks(task, it, n):
    return 1

DEBUG 2025-05-27 04:40:27,398 functional 9 140468637656768 
def unlock_chord(self, group_id, callback, interval=0, max_retries=1, result=2, Result=3, GroupResult=4, result_from_tuple=5, **kwargs):
    return 1

DEBUG 2025-05-27 17:21:43,447 functional 9 140296135321280 
def group(self, tasks, result, group_id, partial_args, add_to_parent=0):
    return 1

DEBUG 2025-05-27 17:21:43,449 functional 9 140296135321280 
def xmap(task, it):
    return 1

DEBUG 2025-05-27 17:21:43,449 functional 9 140296135321280 
def backend_cleanup():
    return 1

DEBUG 2025-05-27 17:21:43,450 functional 9 140296135321280 
def send_mail_login_failed_deactivate(self, subject, user_id, current_language_code):
    return 1

DEBUG 2025-05-27 17:21:43,450 functional 9 140296135321280 
def chain(*args, **kwargs):
    return 1

DEBUG 2025-05-27 17:21:43,451 functional 9 140296135321280 
def xstarmap(task, it):
    return 1

DEBUG 2025-05-27 17:21:43,451 functional 9 140296135321280 
def send_mail_otp_forgot_password(self, subject, user_id, otp_code, otp_expiry_minutes, current_language_code):
    return 1

DEBUG 2025-05-27 17:21:43,452 functional 9 140296135321280 
def accumulate(self, *args, **kwargs):
    return 1

DEBUG 2025-05-27 17:21:43,452 functional 9 140296135321280 
def chord(self, header, body, partial_args=0, interval=1, countdown=2, max_retries=3, eager=4, **kwargs):
    return 1

DEBUG 2025-05-27 17:21:43,453 functional 9 140296135321280 
def chunks(task, it, n):
    return 1

DEBUG 2025-05-27 17:21:43,453 functional 9 140296135321280 
def unlock_chord(self, group_id, callback, interval=0, max_retries=1, result=2, Result=3, GroupResult=4, result_from_tuple=5, **kwargs):
    return 1

DEBUG 2025-05-27 17:36:52,706 functional 15 140523771737792 
def group(self, tasks, result, group_id, partial_args, add_to_parent=0):
    return 1

DEBUG 2025-05-27 17:36:52,707 functional 15 140523771737792 
def xmap(task, it):
    return 1

DEBUG 2025-05-27 17:36:52,708 functional 15 140523771737792 
def backend_cleanup():
    return 1

DEBUG 2025-05-27 17:36:52,708 functional 15 140523771737792 
def send_mail_otp_forgot_password(self, subject, user_id, otp_code, otp_expiry_minutes, current_language_code):
    return 1

DEBUG 2025-05-27 17:36:52,709 functional 15 140523771737792 
def chain(*args, **kwargs):
    return 1

DEBUG 2025-05-27 17:36:52,709 functional 15 140523771737792 
def xstarmap(task, it):
    return 1

DEBUG 2025-05-27 17:36:52,709 functional 15 140523771737792 
def accumulate(self, *args, **kwargs):
    return 1

DEBUG 2025-05-27 17:36:52,710 functional 15 140523771737792 
def send_mail_login_failed_deactivate(self, subject, user_id, current_language_code):
    return 1

DEBUG 2025-05-27 17:36:52,711 functional 15 140523771737792 
def chord(self, header, body, partial_args=0, interval=1, countdown=2, max_retries=3, eager=4, **kwargs):
    return 1

DEBUG 2025-05-27 17:36:52,711 functional 15 140523771737792 
def chunks(task, it, n):
    return 1

DEBUG 2025-05-27 17:36:52,711 functional 15 140523771737792 
def unlock_chord(self, group_id, callback, interval=0, max_retries=1, result=2, Result=3, GroupResult=4, result_from_tuple=5, **kwargs):
    return 1

DEBUG 2025-05-27 17:39:09,163 functional 21 140255973861056 
def group(self, tasks, result, group_id, partial_args, add_to_parent=0):
    return 1

DEBUG 2025-05-27 17:39:09,165 functional 21 140255973861056 
def xmap(task, it):
    return 1

DEBUG 2025-05-27 17:39:09,165 functional 21 140255973861056 
def backend_cleanup():
    return 1

DEBUG 2025-05-27 17:39:09,166 functional 21 140255973861056 
def send_mail_otp_forgot_password(self, subject, user_id, otp_code, otp_expiry_minutes, current_language_code):
    return 1

DEBUG 2025-05-27 17:39:09,167 functional 21 140255973861056 
def chain(*args, **kwargs):
    return 1

DEBUG 2025-05-27 17:39:09,168 functional 21 140255973861056 
def xstarmap(task, it):
    return 1

DEBUG 2025-05-27 17:39:09,168 functional 21 140255973861056 
def accumulate(self, *args, **kwargs):
    return 1

DEBUG 2025-05-27 17:39:09,168 functional 21 140255973861056 
def send_mail_login_failed_deactivate(self, subject, user_id, current_language_code):
    return 1

DEBUG 2025-05-27 17:39:09,169 functional 21 140255973861056 
def chord(self, header, body, partial_args=0, interval=1, countdown=2, max_retries=3, eager=4, **kwargs):
    return 1

DEBUG 2025-05-27 17:39:09,169 functional 21 140255973861056 
def chunks(task, it, n):
    return 1

DEBUG 2025-05-27 17:39:09,170 functional 21 140255973861056 
def unlock_chord(self, group_id, callback, interval=0, max_retries=1, result=2, Result=3, GroupResult=4, result_from_tuple=5, **kwargs):
    return 1

DEBUG 2025-05-27 17:39:59,642 functional 9 140521993397952 
def group(self, tasks, result, group_id, partial_args, add_to_parent=0):
    return 1

DEBUG 2025-05-27 17:39:59,643 functional 9 140521993397952 
def xmap(task, it):
    return 1

DEBUG 2025-05-27 17:39:59,644 functional 9 140521993397952 
def backend_cleanup():
    return 1

DEBUG 2025-05-27 17:39:59,644 functional 9 140521993397952 
def send_mail_otp_forgot_password(self, subject, user_id, otp_code, otp_expiry_minutes, current_language_code):
    return 1

DEBUG 2025-05-27 17:39:59,645 functional 9 140521993397952 
def chain(*args, **kwargs):
    return 1

DEBUG 2025-05-27 17:39:59,645 functional 9 140521993397952 
def xstarmap(task, it):
    return 1

DEBUG 2025-05-27 17:39:59,646 functional 9 140521993397952 
def accumulate(self, *args, **kwargs):
    return 1

DEBUG 2025-05-27 17:39:59,646 functional 9 140521993397952 
def send_mail_login_failed_deactivate(self, subject, user_id, current_language_code):
    return 1

DEBUG 2025-05-27 17:39:59,646 functional 9 140521993397952 
def chord(self, header, body, partial_args=0, interval=1, countdown=2, max_retries=3, eager=4, **kwargs):
    return 1

DEBUG 2025-05-27 17:39:59,647 functional 9 140521993397952 
def chunks(task, it, n):
    return 1

DEBUG 2025-05-27 17:39:59,647 functional 9 140521993397952 
def unlock_chord(self, group_id, callback, interval=0, max_retries=1, result=2, Result=3, GroupResult=4, result_from_tuple=5, **kwargs):
    return 1

DEBUG 2025-05-27 17:43:57,513 functional 9 139860165781184 
def send_mail_login_failed_deactivate(self, subject, user_id, current_language_code):
    return 1

DEBUG 2025-05-27 17:43:57,515 functional 9 139860165781184 
def group(self, tasks, result, group_id, partial_args, add_to_parent=0):
    return 1

DEBUG 2025-05-27 17:43:57,515 functional 9 139860165781184 
def xmap(task, it):
    return 1

DEBUG 2025-05-27 17:43:57,516 functional 9 139860165781184 
def send_mail_otp_forgot_password(self, subject, user_id, otp_code, otp_expiry_minutes, current_language_code):
    return 1

DEBUG 2025-05-27 17:43:57,516 functional 9 139860165781184 
def backend_cleanup():
    return 1

DEBUG 2025-05-27 17:43:57,516 functional 9 139860165781184 
def chain(*args, **kwargs):
    return 1

DEBUG 2025-05-27 17:43:57,517 functional 9 139860165781184 
def xstarmap(task, it):
    return 1

DEBUG 2025-05-27 17:43:57,517 functional 9 139860165781184 
def accumulate(self, *args, **kwargs):
    return 1

DEBUG 2025-05-27 17:43:57,517 functional 9 139860165781184 
def chord(self, header, body, partial_args=0, interval=1, countdown=2, max_retries=3, eager=4, **kwargs):
    return 1

DEBUG 2025-05-27 17:43:57,518 functional 9 139860165781184 
def chunks(task, it, n):
    return 1

DEBUG 2025-05-27 17:43:57,518 functional 9 139860165781184 
def unlock_chord(self, group_id, callback, interval=0, max_retries=1, result=2, Result=3, GroupResult=4, result_from_tuple=5, **kwargs):
    return 1

DEBUG 2025-05-27 19:37:40,081 functional 29 140479874152128 
def group(self, tasks, result, group_id, partial_args, add_to_parent=0):
    return 1

DEBUG 2025-05-27 19:37:40,082 functional 29 140479874152128 
def xmap(task, it):
    return 1

DEBUG 2025-05-27 19:37:40,083 functional 29 140479874152128 
def backend_cleanup():
    return 1

DEBUG 2025-05-27 19:37:40,083 functional 29 140479874152128 
def send_mail_login_failed_deactivate(self, subject, user_id, current_language_code):
    return 1

DEBUG 2025-05-27 19:37:40,084 functional 29 140479874152128 
def chain(*args, **kwargs):
    return 1

DEBUG 2025-05-27 19:37:40,084 functional 29 140479874152128 
def xstarmap(task, it):
    return 1

DEBUG 2025-05-27 19:37:40,084 functional 29 140479874152128 
def send_mail_otp_forgot_password(self, subject, user_id, otp_code, otp_expiry_minutes, current_language_code):
    return 1

DEBUG 2025-05-27 19:37:40,085 functional 29 140479874152128 
def accumulate(self, *args, **kwargs):
    return 1

DEBUG 2025-05-27 19:37:40,086 functional 29 140479874152128 
def chord(self, header, body, partial_args=0, interval=1, countdown=2, max_retries=3, eager=4, **kwargs):
    return 1

DEBUG 2025-05-27 19:37:40,086 functional 29 140479874152128 
def chunks(task, it, n):
    return 1

DEBUG 2025-05-27 19:37:40,087 functional 29 140479874152128 
def unlock_chord(self, group_id, callback, interval=0, max_retries=1, result=2, Result=3, GroupResult=4, result_from_tuple=5, **kwargs):
    return 1

DEBUG 2025-05-29 02:31:53,374 functional 13 140444433331904 
def group(self, tasks, result, group_id, partial_args, add_to_parent=0):
    return 1

DEBUG 2025-05-29 02:31:53,377 functional 13 140444433331904 
def xmap(task, it):
    return 1

DEBUG 2025-05-29 02:31:53,378 functional 13 140444433331904 
def send_mail_login_failed_deactivate(self, subject, user_id, current_language_code):
    return 1

DEBUG 2025-05-29 02:31:53,380 functional 13 140444433331904 
def backend_cleanup():
    return 1

DEBUG 2025-05-29 02:31:53,382 functional 13 140444433331904 
def chain(*args, **kwargs):
    return 1

DEBUG 2025-05-29 02:31:53,383 functional 13 140444433331904 
def send_mail_otp_forgot_password(self, subject, user_id, otp_code, otp_expiry_minutes, current_language_code):
    return 1

DEBUG 2025-05-29 02:31:53,385 functional 13 140444433331904 
def xstarmap(task, it):
    return 1

DEBUG 2025-05-29 02:31:53,386 functional 13 140444433331904 
def accumulate(self, *args, **kwargs):
    return 1

DEBUG 2025-05-29 02:31:53,388 functional 13 140444433331904 
def send_email_otp_login(self, subject, user_id, otp_code, otp_expiry_minutes, current_language_code):
    return 1

DEBUG 2025-05-29 02:31:53,389 functional 13 140444433331904 
def chord(self, header, body, partial_args=0, interval=1, countdown=2, max_retries=3, eager=4, **kwargs):
    return 1

DEBUG 2025-05-29 02:31:53,391 functional 13 140444433331904 
def chunks(task, it, n):
    return 1

DEBUG 2025-05-29 02:31:53,393 functional 13 140444433331904 
def unlock_chord(self, group_id, callback, interval=0, max_retries=1, result=2, Result=3, GroupResult=4, result_from_tuple=5, **kwargs):
    return 1

DEBUG 2025-05-29 02:33:26,893 functional 9 139692295005888 
def group(self, tasks, result, group_id, partial_args, add_to_parent=0):
    return 1

DEBUG 2025-05-29 02:33:26,895 functional 9 139692295005888 
def xmap(task, it):
    return 1

DEBUG 2025-05-29 02:33:26,895 functional 9 139692295005888 
def send_mail_login_failed_deactivate(self, subject, user_id, current_language_code):
    return 1

DEBUG 2025-05-29 02:33:26,895 functional 9 139692295005888 
def backend_cleanup():
    return 1

DEBUG 2025-05-29 02:33:26,896 functional 9 139692295005888 
def chain(*args, **kwargs):
    return 1

DEBUG 2025-05-29 02:33:26,896 functional 9 139692295005888 
def send_mail_otp_forgot_password(self, subject, user_id, otp_code, otp_expiry_minutes, current_language_code):
    return 1

DEBUG 2025-05-29 02:33:26,897 functional 9 139692295005888 
def xstarmap(task, it):
    return 1

DEBUG 2025-05-29 02:33:26,897 functional 9 139692295005888 
def accumulate(self, *args, **kwargs):
    return 1

DEBUG 2025-05-29 02:33:26,897 functional 9 139692295005888 
def send_email_otp_login(self, subject, user_id, otp_code, otp_expiry_minutes, current_language_code):
    return 1

DEBUG 2025-05-29 02:33:26,898 functional 9 139692295005888 
def chord(self, header, body, partial_args=0, interval=1, countdown=2, max_retries=3, eager=4, **kwargs):
    return 1

DEBUG 2025-05-29 02:33:26,898 functional 9 139692295005888 
def chunks(task, it, n):
    return 1

DEBUG 2025-05-29 02:33:26,898 functional 9 139692295005888 
def unlock_chord(self, group_id, callback, interval=0, max_retries=1, result=2, Result=3, GroupResult=4, result_from_tuple=5, **kwargs):
    return 1

DEBUG 2025-05-29 02:35:32,201 functional 17 139943649208000 
def send_email_otp_login(self, subject, user_id, otp_code, otp_expiry_minutes, current_language_code):
    return 1

DEBUG 2025-05-29 02:35:32,203 functional 17 139943649208000 
def group(self, tasks, result, group_id, partial_args, add_to_parent=0):
    return 1

DEBUG 2025-05-29 02:35:32,203 functional 17 139943649208000 
def xmap(task, it):
    return 1

DEBUG 2025-05-29 02:35:32,203 functional 17 139943649208000 
def send_mail_login_failed_deactivate(self, subject, user_id, current_language_code):
    return 1

DEBUG 2025-05-29 02:35:32,204 functional 17 139943649208000 
def backend_cleanup():
    return 1

DEBUG 2025-05-29 02:35:32,204 functional 17 139943649208000 
def chain(*args, **kwargs):
    return 1

DEBUG 2025-05-29 02:35:32,205 functional 17 139943649208000 
def send_mail_otp_forgot_password(self, subject, user_id, otp_code, otp_expiry_minutes, current_language_code):
    return 1

DEBUG 2025-05-29 02:35:32,205 functional 17 139943649208000 
def xstarmap(task, it):
    return 1

DEBUG 2025-05-29 02:35:32,205 functional 17 139943649208000 
def accumulate(self, *args, **kwargs):
    return 1

DEBUG 2025-05-29 02:35:32,206 functional 17 139943649208000 
def chord(self, header, body, partial_args=0, interval=1, countdown=2, max_retries=3, eager=4, **kwargs):
    return 1

DEBUG 2025-05-29 02:35:32,206 functional 17 139943649208000 
def chunks(task, it, n):
    return 1

DEBUG 2025-05-29 02:35:32,207 functional 17 139943649208000 
def unlock_chord(self, group_id, callback, interval=0, max_retries=1, result=2, Result=3, GroupResult=4, result_from_tuple=5, **kwargs):
    return 1

DEBUG 2025-05-29 02:36:18,355 functional 21 140303790974656 
def send_email_otp_login(self, subject, user_id, otp_code, otp_expiry_minutes, current_language_code):
    return 1

DEBUG 2025-05-29 02:36:18,356 functional 21 140303790974656 
def group(self, tasks, result, group_id, partial_args, add_to_parent=0):
    return 1

DEBUG 2025-05-29 02:36:18,357 functional 21 140303790974656 
def xmap(task, it):
    return 1

DEBUG 2025-05-29 02:36:18,357 functional 21 140303790974656 
def send_mail_login_failed_deactivate(self, subject, user_id, current_language_code):
    return 1

DEBUG 2025-05-29 02:36:18,358 functional 21 140303790974656 
def backend_cleanup():
    return 1

DEBUG 2025-05-29 02:36:18,358 functional 21 140303790974656 
def chain(*args, **kwargs):
    return 1

DEBUG 2025-05-29 02:36:18,359 functional 21 140303790974656 
def send_mail_otp_forgot_password(self, subject, user_id, otp_code, otp_expiry_minutes, current_language_code):
    return 1

DEBUG 2025-05-29 02:36:18,359 functional 21 140303790974656 
def xstarmap(task, it):
    return 1

DEBUG 2025-05-29 02:36:18,359 functional 21 140303790974656 
def accumulate(self, *args, **kwargs):
    return 1

DEBUG 2025-05-29 02:36:18,360 functional 21 140303790974656 
def chord(self, header, body, partial_args=0, interval=1, countdown=2, max_retries=3, eager=4, **kwargs):
    return 1

DEBUG 2025-05-29 02:36:18,360 functional 21 140303790974656 
def chunks(task, it, n):
    return 1

DEBUG 2025-05-29 02:36:18,361 functional 21 140303790974656 
def unlock_chord(self, group_id, callback, interval=0, max_retries=1, result=2, Result=3, GroupResult=4, result_from_tuple=5, **kwargs):
    return 1

DEBUG 2025-05-29 03:58:04,374 functional 25 140047566186176 
def send_email_otp_login(self, subject, user_id, otp_code, otp_expiry_minutes, current_language_code):
    return 1

DEBUG 2025-05-29 03:58:04,376 functional 25 140047566186176 
def group(self, tasks, result, group_id, partial_args, add_to_parent=0):
    return 1

DEBUG 2025-05-29 03:58:04,376 functional 25 140047566186176 
def xmap(task, it):
    return 1

DEBUG 2025-05-29 03:58:04,377 functional 25 140047566186176 
def send_mail_login_failed_deactivate(self, subject, user_id, current_language_code):
    return 1

DEBUG 2025-05-29 03:58:04,377 functional 25 140047566186176 
def backend_cleanup():
    return 1

DEBUG 2025-05-29 03:58:04,377 functional 25 140047566186176 
def chain(*args, **kwargs):
    return 1

DEBUG 2025-05-29 03:58:04,378 functional 25 140047566186176 
def send_mail_otp_forgot_password(self, subject, user_id, otp_code, otp_expiry_minutes, current_language_code):
    return 1

DEBUG 2025-05-29 03:58:04,379 functional 25 140047566186176 
def xstarmap(task, it):
    return 1

DEBUG 2025-05-29 03:58:04,379 functional 25 140047566186176 
def accumulate(self, *args, **kwargs):
    return 1

DEBUG 2025-05-29 03:58:04,379 functional 25 140047566186176 
def chord(self, header, body, partial_args=0, interval=1, countdown=2, max_retries=3, eager=4, **kwargs):
    return 1

DEBUG 2025-05-29 03:58:04,380 functional 25 140047566186176 
def chunks(task, it, n):
    return 1

DEBUG 2025-05-29 03:58:04,380 functional 25 140047566186176 
def unlock_chord(self, group_id, callback, interval=0, max_retries=1, result=2, Result=3, GroupResult=4, result_from_tuple=5, **kwargs):
    return 1

DEBUG 2025-05-29 03:59:02,752 functional 9 140151481120448 
def group(self, tasks, result, group_id, partial_args, add_to_parent=0):
    return 1

DEBUG 2025-05-29 03:59:02,754 functional 9 140151481120448 
def xmap(task, it):
    return 1

DEBUG 2025-05-29 03:59:02,754 functional 9 140151481120448 
def send_mail_login_failed_deactivate(self, subject, user_id, current_language_code):
    return 1

DEBUG 2025-05-29 03:59:02,755 functional 9 140151481120448 
def backend_cleanup():
    return 1

DEBUG 2025-05-29 03:59:02,755 functional 9 140151481120448 
def chain(*args, **kwargs):
    return 1

DEBUG 2025-05-29 03:59:02,756 functional 9 140151481120448 
def send_mail_otp_forgot_password(self, subject, user_id, otp_code, otp_expiry_minutes, current_language_code):
    return 1

DEBUG 2025-05-29 03:59:02,757 functional 9 140151481120448 
def xstarmap(task, it):
    return 1

DEBUG 2025-05-29 03:59:02,758 functional 9 140151481120448 
def accumulate(self, *args, **kwargs):
    return 1

DEBUG 2025-05-29 03:59:02,758 functional 9 140151481120448 
def send_email_otp_login(self, subject, user_id, otp_code, otp_expiry_minutes, current_language_code):
    return 1

DEBUG 2025-05-29 03:59:02,758 functional 9 140151481120448 
def chord(self, header, body, partial_args=0, interval=1, countdown=2, max_retries=3, eager=4, **kwargs):
    return 1

DEBUG 2025-05-29 03:59:02,759 functional 9 140151481120448 
def chunks(task, it, n):
    return 1

DEBUG 2025-05-29 03:59:02,759 functional 9 140151481120448 
def unlock_chord(self, group_id, callback, interval=0, max_retries=1, result=2, Result=3, GroupResult=4, result_from_tuple=5, **kwargs):
    return 1

DEBUG 2025-05-29 04:00:51,545 functional 9 139641074169536 
def group(self, tasks, result, group_id, partial_args, add_to_parent=0):
    return 1

DEBUG 2025-05-29 04:00:51,547 functional 9 139641074169536 
def xmap(task, it):
    return 1

DEBUG 2025-05-29 04:00:51,547 functional 9 139641074169536 
def send_mail_login_failed_deactivate(self, subject, user_id, current_language_code):
    return 1

DEBUG 2025-05-29 04:00:51,548 functional 9 139641074169536 
def backend_cleanup():
    return 1

DEBUG 2025-05-29 04:00:51,549 functional 9 139641074169536 
def chain(*args, **kwargs):
    return 1

DEBUG 2025-05-29 04:00:51,549 functional 9 139641074169536 
def send_mail_otp_forgot_password(self, subject, user_id, otp_code, otp_expiry_minutes, current_language_code):
    return 1

DEBUG 2025-05-29 04:00:51,549 functional 9 139641074169536 
def xstarmap(task, it):
    return 1

DEBUG 2025-05-29 04:00:51,550 functional 9 139641074169536 
def accumulate(self, *args, **kwargs):
    return 1

DEBUG 2025-05-29 04:00:51,550 functional 9 139641074169536 
def send_email_otp_login(self, subject, user_id, otp_code, otp_expiry_minutes, current_language_code):
    return 1

DEBUG 2025-05-29 04:00:51,550 functional 9 139641074169536 
def chord(self, header, body, partial_args=0, interval=1, countdown=2, max_retries=3, eager=4, **kwargs):
    return 1

DEBUG 2025-05-29 04:00:51,551 functional 9 139641074169536 
def chunks(task, it, n):
    return 1

DEBUG 2025-05-29 04:00:51,551 functional 9 139641074169536 
def unlock_chord(self, group_id, callback, interval=0, max_retries=1, result=2, Result=3, GroupResult=4, result_from_tuple=5, **kwargs):
    return 1

DEBUG 2025-05-29 04:27:32,098 functional 9 139948436956864 
def group(self, tasks, result, group_id, partial_args, add_to_parent=0):
    return 1

DEBUG 2025-05-29 04:27:32,099 functional 9 139948436956864 
def xmap(task, it):
    return 1

DEBUG 2025-05-29 04:27:32,100 functional 9 139948436956864 
def send_mail_login_failed_deactivate(self, subject, user_id, current_language_code):
    return 1

DEBUG 2025-05-29 04:27:32,100 functional 9 139948436956864 
def backend_cleanup():
    return 1

DEBUG 2025-05-29 04:27:32,101 functional 9 139948436956864 
def chain(*args, **kwargs):
    return 1

DEBUG 2025-05-29 04:27:32,101 functional 9 139948436956864 
def send_mail_otp_forgot_password(self, subject, user_id, otp_code, otp_expiry_minutes, current_language_code):
    return 1

DEBUG 2025-05-29 04:27:32,102 functional 9 139948436956864 
def xstarmap(task, it):
    return 1

DEBUG 2025-05-29 04:27:32,102 functional 9 139948436956864 
def accumulate(self, *args, **kwargs):
    return 1

DEBUG 2025-05-29 04:27:32,102 functional 9 139948436956864 
def send_email_otp_login(self, subject, user_id, otp_code, otp_expiry_minutes, current_language_code):
    return 1

DEBUG 2025-05-29 04:27:32,103 functional 9 139948436956864 
def chord(self, header, body, partial_args=0, interval=1, countdown=2, max_retries=3, eager=4, **kwargs):
    return 1

DEBUG 2025-05-29 04:27:32,103 functional 9 139948436956864 
def chunks(task, it, n):
    return 1

DEBUG 2025-05-29 04:27:32,103 functional 9 139948436956864 
def unlock_chord(self, group_id, callback, interval=0, max_retries=1, result=2, Result=3, GroupResult=4, result_from_tuple=5, **kwargs):
    return 1

DEBUG 2025-05-29 04:29:15,353 functional 9 139727313249984 
def group(self, tasks, result, group_id, partial_args, add_to_parent=0):
    return 1

DEBUG 2025-05-29 04:29:15,355 functional 9 139727313249984 
def xmap(task, it):
    return 1

DEBUG 2025-05-29 04:29:15,355 functional 9 139727313249984 
def send_mail_login_failed_deactivate(self, subject, user_id, current_language_code):
    return 1

DEBUG 2025-05-29 04:29:15,356 functional 9 139727313249984 
def backend_cleanup():
    return 1

DEBUG 2025-05-29 04:29:15,356 functional 9 139727313249984 
def chain(*args, **kwargs):
    return 1

DEBUG 2025-05-29 04:29:15,357 functional 9 139727313249984 
def send_mail_otp_forgot_password(self, subject, user_id, otp_code, otp_expiry_minutes, current_language_code):
    return 1

DEBUG 2025-05-29 04:29:15,357 functional 9 139727313249984 
def xstarmap(task, it):
    return 1

DEBUG 2025-05-29 04:29:15,358 functional 9 139727313249984 
def accumulate(self, *args, **kwargs):
    return 1

DEBUG 2025-05-29 04:29:15,358 functional 9 139727313249984 
def send_email_otp_login(self, subject, user_id, otp_code, otp_expiry_minutes, current_language_code):
    return 1

DEBUG 2025-05-29 04:29:15,359 functional 9 139727313249984 
def chord(self, header, body, partial_args=0, interval=1, countdown=2, max_retries=3, eager=4, **kwargs):
    return 1

DEBUG 2025-05-29 04:29:15,359 functional 9 139727313249984 
def chunks(task, it, n):
    return 1

DEBUG 2025-05-29 04:29:15,360 functional 9 139727313249984 
def unlock_chord(self, group_id, callback, interval=0, max_retries=1, result=2, Result=3, GroupResult=4, result_from_tuple=5, **kwargs):
    return 1

DEBUG 2025-05-29 04:40:09,740 functional 17 139760096982720 
def group(self, tasks, result, group_id, partial_args, add_to_parent=0):
    return 1

DEBUG 2025-05-29 04:40:09,742 functional 17 139760096982720 
def xmap(task, it):
    return 1

DEBUG 2025-05-29 04:40:09,743 functional 17 139760096982720 
def send_mail_login_failed_deactivate(self, subject, user_id, current_language_code):
    return 1

DEBUG 2025-05-29 04:40:09,743 functional 17 139760096982720 
def backend_cleanup():
    return 1

DEBUG 2025-05-29 04:40:09,744 functional 17 139760096982720 
def chain(*args, **kwargs):
    return 1

DEBUG 2025-05-29 04:40:09,744 functional 17 139760096982720 
def send_mail_otp_forgot_password(self, subject, user_id, otp_code, otp_expiry_minutes, current_language_code):
    return 1

DEBUG 2025-05-29 04:40:09,745 functional 17 139760096982720 
def xstarmap(task, it):
    return 1

DEBUG 2025-05-29 04:40:09,745 functional 17 139760096982720 
def accumulate(self, *args, **kwargs):
    return 1

DEBUG 2025-05-29 04:40:09,746 functional 17 139760096982720 
def send_email_otp_login(self, subject, user_id, otp_code, otp_expiry_minutes, current_language_code):
    return 1

DEBUG 2025-05-29 04:40:09,746 functional 17 139760096982720 
def chord(self, header, body, partial_args=0, interval=1, countdown=2, max_retries=3, eager=4, **kwargs):
    return 1

DEBUG 2025-05-29 04:40:09,747 functional 17 139760096982720 
def chunks(task, it, n):
    return 1

DEBUG 2025-05-29 04:40:09,748 functional 17 139760096982720 
def unlock_chord(self, group_id, callback, interval=0, max_retries=1, result=2, Result=3, GroupResult=4, result_from_tuple=5, **kwargs):
    return 1

DEBUG 2025-05-29 04:44:15,420 functional 23 139712729659072 
def send_email_otp_login(self, subject, user_id, otp_code, otp_expiry_minutes, current_language_code):
    return 1

DEBUG 2025-05-29 04:44:15,422 functional 23 139712729659072 
def group(self, tasks, result, group_id, partial_args, add_to_parent=0):
    return 1

DEBUG 2025-05-29 04:44:15,423 functional 23 139712729659072 
def xmap(task, it):
    return 1

DEBUG 2025-05-29 04:44:15,424 functional 23 139712729659072 
def backend_cleanup():
    return 1

DEBUG 2025-05-29 04:44:15,424 functional 23 139712729659072 
def chain(*args, **kwargs):
    return 1

DEBUG 2025-05-29 04:44:15,425 functional 23 139712729659072 
def send_mail_login_failed_deactivate(self, subject, user_id, current_language_code):
    return 1

DEBUG 2025-05-29 04:44:15,426 functional 23 139712729659072 
def xstarmap(task, it):
    return 1

DEBUG 2025-05-29 04:44:15,427 functional 23 139712729659072 
def accumulate(self, *args, **kwargs):
    return 1

DEBUG 2025-05-29 04:44:15,428 functional 23 139712729659072 
def send_mail_otp_forgot_password(self, subject, user_id, otp_code, otp_expiry_minutes, current_language_code):
    return 1

DEBUG 2025-05-29 04:44:15,429 functional 23 139712729659072 
def chord(self, header, body, partial_args=0, interval=1, countdown=2, max_retries=3, eager=4, **kwargs):
    return 1

DEBUG 2025-05-29 04:44:15,430 functional 23 139712729659072 
def chunks(task, it, n):
    return 1

DEBUG 2025-05-29 04:44:15,430 functional 23 139712729659072 
def unlock_chord(self, group_id, callback, interval=0, max_retries=1, result=2, Result=3, GroupResult=4, result_from_tuple=5, **kwargs):
    return 1

DEBUG 2025-05-29 04:44:26,809 functional 27 139977662871232 
def group(self, tasks, result, group_id, partial_args, add_to_parent=0):
    return 1

DEBUG 2025-05-29 04:44:26,810 functional 27 139977662871232 
def send_mail_login_failed_deactivate(self, subject, user_id, current_language_code):
    return 1

DEBUG 2025-05-29 04:44:26,811 functional 27 139977662871232 
def xmap(task, it):
    return 1

DEBUG 2025-05-29 04:44:26,812 functional 27 139977662871232 
def backend_cleanup():
    return 1

DEBUG 2025-05-29 04:44:26,812 functional 27 139977662871232 
def send_mail_otp_forgot_password(self, subject, user_id, otp_code, otp_expiry_minutes, current_language_code):
    return 1

DEBUG 2025-05-29 04:44:26,813 functional 27 139977662871232 
def chain(*args, **kwargs):
    return 1

DEBUG 2025-05-29 04:44:26,814 functional 27 139977662871232 
def xstarmap(task, it):
    return 1

DEBUG 2025-05-29 04:44:26,814 functional 27 139977662871232 
def accumulate(self, *args, **kwargs):
    return 1

DEBUG 2025-05-29 04:44:26,815 functional 27 139977662871232 
def send_email_otp_login(self, subject, user_id, otp_code, otp_expiry_minutes, current_language_code):
    return 1

DEBUG 2025-05-29 04:44:26,815 functional 27 139977662871232 
def chord(self, header, body, partial_args=0, interval=1, countdown=2, max_retries=3, eager=4, **kwargs):
    return 1

DEBUG 2025-05-29 04:44:26,816 functional 27 139977662871232 
def chunks(task, it, n):
    return 1

DEBUG 2025-05-29 04:44:26,816 functional 27 139977662871232 
def unlock_chord(self, group_id, callback, interval=0, max_retries=1, result=2, Result=3, GroupResult=4, result_from_tuple=5, **kwargs):
    return 1

DEBUG 2025-05-29 04:46:38,405 functional 9 139694074492608 
def group(self, tasks, result, group_id, partial_args, add_to_parent=0):
    return 1

DEBUG 2025-05-29 04:46:38,406 functional 9 139694074492608 
def xmap(task, it):
    return 1

DEBUG 2025-05-29 04:46:38,407 functional 9 139694074492608 
def send_mail_login_failed_deactivate(self, subject, user_id, current_language_code):
    return 1

DEBUG 2025-05-29 04:46:38,407 functional 9 139694074492608 
def backend_cleanup():
    return 1

DEBUG 2025-05-29 04:46:38,408 functional 9 139694074492608 
def chain(*args, **kwargs):
    return 1

DEBUG 2025-05-29 04:46:38,408 functional 9 139694074492608 
def send_mail_otp_forgot_password(self, subject, user_id, otp_code, otp_expiry_minutes, current_language_code):
    return 1

DEBUG 2025-05-29 04:46:38,408 functional 9 139694074492608 
def xstarmap(task, it):
    return 1

DEBUG 2025-05-29 04:46:38,409 functional 9 139694074492608 
def accumulate(self, *args, **kwargs):
    return 1

DEBUG 2025-05-29 04:46:38,409 functional 9 139694074492608 
def send_email_otp_login(self, subject, user_id, otp_code, otp_expiry_minutes, current_language_code):
    return 1

DEBUG 2025-05-29 04:46:38,410 functional 9 139694074492608 
def chord(self, header, body, partial_args=0, interval=1, countdown=2, max_retries=3, eager=4, **kwargs):
    return 1

DEBUG 2025-05-29 04:46:38,410 functional 9 139694074492608 
def chunks(task, it, n):
    return 1

DEBUG 2025-05-29 04:46:38,410 functional 9 139694074492608 
def unlock_chord(self, group_id, callback, interval=0, max_retries=1, result=2, Result=3, GroupResult=4, result_from_tuple=5, **kwargs):
    return 1

DEBUG 2025-05-29 04:53:25,290 functional 9 140000193623744 
def group(self, tasks, result, group_id, partial_args, add_to_parent=0):
    return 1

DEBUG 2025-05-29 04:53:25,291 functional 9 140000193623744 
def xmap(task, it):
    return 1

DEBUG 2025-05-29 04:53:25,292 functional 9 140000193623744 
def send_mail_login_failed_deactivate(self, subject, user_id, current_language_code):
    return 1

DEBUG 2025-05-29 04:53:25,292 functional 9 140000193623744 
def backend_cleanup():
    return 1

DEBUG 2025-05-29 04:53:25,293 functional 9 140000193623744 
def chain(*args, **kwargs):
    return 1

DEBUG 2025-05-29 04:53:25,294 functional 9 140000193623744 
def send_mail_otp_forgot_password(self, subject, user_id, otp_code, otp_expiry_minutes, current_language_code):
    return 1

DEBUG 2025-05-29 04:53:25,295 functional 9 140000193623744 
def xstarmap(task, it):
    return 1

DEBUG 2025-05-29 04:53:25,295 functional 9 140000193623744 
def accumulate(self, *args, **kwargs):
    return 1

DEBUG 2025-05-29 04:53:25,295 functional 9 140000193623744 
def send_email_otp_login(self, subject, user_id, otp_code, otp_expiry_minutes, current_language_code):
    return 1

DEBUG 2025-05-29 04:53:25,296 functional 9 140000193623744 
def chord(self, header, body, partial_args=0, interval=1, countdown=2, max_retries=3, eager=4, **kwargs):
    return 1

DEBUG 2025-05-29 04:53:25,296 functional 9 140000193623744 
def chunks(task, it, n):
    return 1

DEBUG 2025-05-29 04:53:25,297 functional 9 140000193623744 
def unlock_chord(self, group_id, callback, interval=0, max_retries=1, result=2, Result=3, GroupResult=4, result_from_tuple=5, **kwargs):
    return 1

DEBUG 2025-05-29 04:56:45,098 functional 9 140033038214848 
def group(self, tasks, result, group_id, partial_args, add_to_parent=0):
    return 1

DEBUG 2025-05-29 04:56:45,101 functional 9 140033038214848 
def xmap(task, it):
    return 1

DEBUG 2025-05-29 04:56:45,102 functional 9 140033038214848 
def send_mail_login_failed_deactivate(self, subject, user_id, current_language_code):
    return 1

DEBUG 2025-05-29 04:56:45,103 functional 9 140033038214848 
def backend_cleanup():
    return 1

DEBUG 2025-05-29 04:56:45,103 functional 9 140033038214848 
def chain(*args, **kwargs):
    return 1

DEBUG 2025-05-29 04:56:45,103 functional 9 140033038214848 
def send_mail_otp_forgot_password(self, subject, user_id, otp_code, otp_expiry_minutes, current_language_code):
    return 1

DEBUG 2025-05-29 04:56:45,104 functional 9 140033038214848 
def xstarmap(task, it):
    return 1

DEBUG 2025-05-29 04:56:45,104 functional 9 140033038214848 
def accumulate(self, *args, **kwargs):
    return 1

DEBUG 2025-05-29 04:56:45,105 functional 9 140033038214848 
def send_email_otp_login(self, subject, user_id, otp_code, otp_expiry_minutes, current_language_code):
    return 1

DEBUG 2025-05-29 04:56:45,105 functional 9 140033038214848 
def chord(self, header, body, partial_args=0, interval=1, countdown=2, max_retries=3, eager=4, **kwargs):
    return 1

DEBUG 2025-05-29 04:56:45,105 functional 9 140033038214848 
def chunks(task, it, n):
    return 1

DEBUG 2025-05-29 04:56:45,106 functional 9 140033038214848 
def unlock_chord(self, group_id, callback, interval=0, max_retries=1, result=2, Result=3, GroupResult=4, result_from_tuple=5, **kwargs):
    return 1

DEBUG 2025-05-29 05:13:47,613 functional 21 139768427964096 
def group(self, tasks, result, group_id, partial_args, add_to_parent=0):
    return 1

DEBUG 2025-05-29 05:13:47,614 functional 21 139768427964096 
def xmap(task, it):
    return 1

DEBUG 2025-05-29 05:13:47,615 functional 21 139768427964096 
def send_mail_login_failed_deactivate(self, subject, user_id, current_language_code):
    return 1

DEBUG 2025-05-29 05:13:47,615 functional 21 139768427964096 
def backend_cleanup():
    return 1

DEBUG 2025-05-29 05:13:47,616 functional 21 139768427964096 
def chain(*args, **kwargs):
    return 1

DEBUG 2025-05-29 05:13:47,616 functional 21 139768427964096 
def send_mail_otp_forgot_password(self, subject, user_id, otp_code, otp_expiry_minutes, current_language_code):
    return 1

DEBUG 2025-05-29 05:13:47,617 functional 21 139768427964096 
def xstarmap(task, it):
    return 1

DEBUG 2025-05-29 05:13:47,617 functional 21 139768427964096 
def accumulate(self, *args, **kwargs):
    return 1

DEBUG 2025-05-29 05:13:47,617 functional 21 139768427964096 
def send_email_otp_login(self, subject, user_id, otp_code, otp_expiry_minutes, current_language_code):
    return 1

DEBUG 2025-05-29 05:13:47,618 functional 21 139768427964096 
def chord(self, header, body, partial_args=0, interval=1, countdown=2, max_retries=3, eager=4, **kwargs):
    return 1

DEBUG 2025-05-29 05:13:47,618 functional 21 139768427964096 
def chunks(task, it, n):
    return 1

DEBUG 2025-05-29 05:13:47,619 functional 21 139768427964096 
def unlock_chord(self, group_id, callback, interval=0, max_retries=1, result=2, Result=3, GroupResult=4, result_from_tuple=5, **kwargs):
    return 1

DEBUG 2025-05-29 05:20:40,136 functional 27 139692358973120 
def send_email_otp_login(self, subject, user_id, otp_code, otp_expiry_minutes, current_language_code):
    return 1

DEBUG 2025-05-29 05:20:40,138 functional 27 139692358973120 
def group(self, tasks, result, group_id, partial_args, add_to_parent=0):
    return 1

DEBUG 2025-05-29 05:20:40,138 functional 27 139692358973120 
def xmap(task, it):
    return 1

DEBUG 2025-05-29 05:20:40,139 functional 27 139692358973120 
def backend_cleanup():
    return 1

DEBUG 2025-05-29 05:20:40,139 functional 27 139692358973120 
def chain(*args, **kwargs):
    return 1

DEBUG 2025-05-29 05:20:40,141 functional 27 139692358973120 
def xstarmap(task, it):
    return 1

DEBUG 2025-05-29 05:20:40,141 functional 27 139692358973120 
def send_mail_login_failed_deactivate(self, subject, user_id, current_language_code):
    return 1

DEBUG 2025-05-29 05:20:40,142 functional 27 139692358973120 
def accumulate(self, *args, **kwargs):
    return 1

DEBUG 2025-05-29 05:20:40,142 functional 27 139692358973120 
def chord(self, header, body, partial_args=0, interval=1, countdown=2, max_retries=3, eager=4, **kwargs):
    return 1

DEBUG 2025-05-29 05:20:40,142 functional 27 139692358973120 
def send_mail_otp_forgot_password(self, subject, user_id, otp_code, otp_expiry_minutes, current_language_code):
    return 1

DEBUG 2025-05-29 05:20:40,143 functional 27 139692358973120 
def chunks(task, it, n):
    return 1

DEBUG 2025-05-29 05:20:40,144 functional 27 139692358973120 
def unlock_chord(self, group_id, callback, interval=0, max_retries=1, result=2, Result=3, GroupResult=4, result_from_tuple=5, **kwargs):
    return 1

DEBUG 2025-05-29 05:21:40,668 functional 31 140602706441920 
def group(self, tasks, result, group_id, partial_args, add_to_parent=0):
    return 1

DEBUG 2025-05-29 05:21:40,670 functional 31 140602706441920 
def xmap(task, it):
    return 1

DEBUG 2025-05-29 05:21:40,670 functional 31 140602706441920 
def send_mail_login_failed_deactivate(self, subject, user_id, current_language_code):
    return 1

DEBUG 2025-05-29 05:21:40,671 functional 31 140602706441920 
def backend_cleanup():
    return 1

DEBUG 2025-05-29 05:21:40,671 functional 31 140602706441920 
def chain(*args, **kwargs):
    return 1

DEBUG 2025-05-29 05:21:40,672 functional 31 140602706441920 
def send_mail_otp_forgot_password(self, subject, user_id, otp_code, otp_expiry_minutes, current_language_code):
    return 1

DEBUG 2025-05-29 05:21:40,672 functional 31 140602706441920 
def xstarmap(task, it):
    return 1

DEBUG 2025-05-29 05:21:40,673 functional 31 140602706441920 
def accumulate(self, *args, **kwargs):
    return 1

DEBUG 2025-05-29 05:21:40,673 functional 31 140602706441920 
def send_email_otp_login(self, subject, user_id, otp_code, otp_expiry_minutes, current_language_code):
    return 1

DEBUG 2025-05-29 05:21:40,674 functional 31 140602706441920 
def chord(self, header, body, partial_args=0, interval=1, countdown=2, max_retries=3, eager=4, **kwargs):
    return 1

DEBUG 2025-05-29 05:21:40,674 functional 31 140602706441920 
def chunks(task, it, n):
    return 1

DEBUG 2025-05-29 05:21:40,676 functional 31 140602706441920 
def unlock_chord(self, group_id, callback, interval=0, max_retries=1, result=2, Result=3, GroupResult=4, result_from_tuple=5, **kwargs):
    return 1

DEBUG 2025-05-29 05:28:14,789 functional 41 140342217144000 
def group(self, tasks, result, group_id, partial_args, add_to_parent=0):
    return 1

DEBUG 2025-05-29 05:28:14,790 functional 41 140342217144000 
def xmap(task, it):
    return 1

DEBUG 2025-05-29 05:28:14,790 functional 41 140342217144000 
def send_mail_login_failed_deactivate(self, subject, user_id, current_language_code):
    return 1

DEBUG 2025-05-29 05:28:14,791 functional 41 140342217144000 
def backend_cleanup():
    return 1

DEBUG 2025-05-29 05:28:14,791 functional 41 140342217144000 
def chain(*args, **kwargs):
    return 1

DEBUG 2025-05-29 05:28:14,792 functional 41 140342217144000 
def send_mail_otp_forgot_password(self, subject, user_id, otp_code, otp_expiry_minutes, current_language_code):
    return 1

DEBUG 2025-05-29 05:28:14,792 functional 41 140342217144000 
def xstarmap(task, it):
    return 1

DEBUG 2025-05-29 05:28:14,792 functional 41 140342217144000 
def accumulate(self, *args, **kwargs):
    return 1

DEBUG 2025-05-29 05:28:14,793 functional 41 140342217144000 
def send_email_otp_login(self, subject, user_id, otp_code, otp_expiry_minutes, current_language_code):
    return 1

DEBUG 2025-05-29 05:28:14,793 functional 41 140342217144000 
def chord(self, header, body, partial_args=0, interval=1, countdown=2, max_retries=3, eager=4, **kwargs):
    return 1

DEBUG 2025-05-29 05:28:14,794 functional 41 140342217144000 
def chunks(task, it, n):
    return 1

DEBUG 2025-05-29 05:28:14,794 functional 41 140342217144000 
def unlock_chord(self, group_id, callback, interval=0, max_retries=1, result=2, Result=3, GroupResult=4, result_from_tuple=5, **kwargs):
    return 1

DEBUG 2025-05-29 05:32:50,227 functional 49 139643676784320 
def group(self, tasks, result, group_id, partial_args, add_to_parent=0):
    return 1

DEBUG 2025-05-29 05:32:50,229 functional 49 139643676784320 
def send_email_otp_login(self, subject, user_id, otp_code, otp_expiry_minutes, current_language_code):
    return 1

DEBUG 2025-05-29 05:32:50,229 functional 49 139643676784320 
def xmap(task, it):
    return 1

DEBUG 2025-05-29 05:32:50,230 functional 49 139643676784320 
def backend_cleanup():
    return 1

DEBUG 2025-05-29 05:32:50,230 functional 49 139643676784320 
def send_mail_otp_forgot_password(self, subject, user_id, otp_code, otp_expiry_minutes, current_language_code):
    return 1

DEBUG 2025-05-29 05:32:50,231 functional 49 139643676784320 
def chain(*args, **kwargs):
    return 1

DEBUG 2025-05-29 05:32:50,232 functional 49 139643676784320 
def xstarmap(task, it):
    return 1

DEBUG 2025-05-29 05:32:50,232 functional 49 139643676784320 
def accumulate(self, *args, **kwargs):
    return 1

DEBUG 2025-05-29 05:32:50,233 functional 49 139643676784320 
def send_mail_login_failed_deactivate(self, subject, user_id, current_language_code):
    return 1

DEBUG 2025-05-29 05:32:50,233 functional 49 139643676784320 
def chord(self, header, body, partial_args=0, interval=1, countdown=2, max_retries=3, eager=4, **kwargs):
    return 1

DEBUG 2025-05-29 05:32:50,234 functional 49 139643676784320 
def chunks(task, it, n):
    return 1

DEBUG 2025-05-29 05:32:50,234 functional 49 139643676784320 
def unlock_chord(self, group_id, callback, interval=0, max_retries=1, result=2, Result=3, GroupResult=4, result_from_tuple=5, **kwargs):
    return 1

DEBUG 2025-05-29 05:34:14,206 functional 55 140478457525952 
def group(self, tasks, result, group_id, partial_args, add_to_parent=0):
    return 1

DEBUG 2025-05-29 05:34:14,207 functional 55 140478457525952 
def send_email_otp_login(self, subject, user_id, otp_code, otp_expiry_minutes, current_language_code):
    return 1

DEBUG 2025-05-29 05:34:14,208 functional 55 140478457525952 
def xmap(task, it):
    return 1

DEBUG 2025-05-29 05:34:14,208 functional 55 140478457525952 
def backend_cleanup():
    return 1

DEBUG 2025-05-29 05:34:14,208 functional 55 140478457525952 
def send_mail_otp_forgot_password(self, subject, user_id, otp_code, otp_expiry_minutes, current_language_code):
    return 1

DEBUG 2025-05-29 05:34:14,208 functional 55 140478457525952 
def chain(*args, **kwargs):
    return 1

DEBUG 2025-05-29 05:34:14,209 functional 55 140478457525952 
def xstarmap(task, it):
    return 1

DEBUG 2025-05-29 05:34:14,209 functional 55 140478457525952 
def accumulate(self, *args, **kwargs):
    return 1

DEBUG 2025-05-29 05:34:14,209 functional 55 140478457525952 
def send_mail_login_failed_deactivate(self, subject, user_id, current_language_code):
    return 1

DEBUG 2025-05-29 05:34:14,210 functional 55 140478457525952 
def chord(self, header, body, partial_args=0, interval=1, countdown=2, max_retries=3, eager=4, **kwargs):
    return 1

DEBUG 2025-05-29 05:34:14,210 functional 55 140478457525952 
def chunks(task, it, n):
    return 1

DEBUG 2025-05-29 05:34:14,210 functional 55 140478457525952 
def unlock_chord(self, group_id, callback, interval=0, max_retries=1, result=2, Result=3, GroupResult=4, result_from_tuple=5, **kwargs):
    return 1

DEBUG 2025-05-29 05:38:54,870 functional 69 139946677499584 
def group(self, tasks, result, group_id, partial_args, add_to_parent=0):
    return 1

DEBUG 2025-05-29 05:38:54,871 functional 69 139946677499584 
def send_email_otp_login(self, subject, user_id, otp_code, otp_expiry_minutes, current_language_code):
    return 1

DEBUG 2025-05-29 05:38:54,872 functional 69 139946677499584 
def xmap(task, it):
    return 1

DEBUG 2025-05-29 05:38:54,872 functional 69 139946677499584 
def backend_cleanup():
    return 1

DEBUG 2025-05-29 05:38:54,872 functional 69 139946677499584 
def send_mail_otp_forgot_password(self, subject, user_id, otp_code, otp_expiry_minutes, current_language_code):
    return 1

DEBUG 2025-05-29 05:38:54,872 functional 69 139946677499584 
def chain(*args, **kwargs):
    return 1

DEBUG 2025-05-29 05:38:54,873 functional 69 139946677499584 
def xstarmap(task, it):
    return 1

DEBUG 2025-05-29 05:38:54,873 functional 69 139946677499584 
def accumulate(self, *args, **kwargs):
    return 1

DEBUG 2025-05-29 05:38:54,873 functional 69 139946677499584 
def send_mail_login_failed_deactivate(self, subject, user_id, current_language_code):
    return 1

DEBUG 2025-05-29 05:38:54,874 functional 69 139946677499584 
def chord(self, header, body, partial_args=0, interval=1, countdown=2, max_retries=3, eager=4, **kwargs):
    return 1

DEBUG 2025-05-29 05:38:54,874 functional 69 139946677499584 
def chunks(task, it, n):
    return 1

DEBUG 2025-05-29 05:38:54,874 functional 69 139946677499584 
def unlock_chord(self, group_id, callback, interval=0, max_retries=1, result=2, Result=3, GroupResult=4, result_from_tuple=5, **kwargs):
    return 1

DEBUG 2025-05-29 06:51:21,272 functional 35 140575732868800 
def group(self, tasks, result, group_id, partial_args, add_to_parent=0):
    return 1

DEBUG 2025-05-29 06:51:21,274 functional 35 140575732868800 
def xmap(task, it):
    return 1

DEBUG 2025-05-29 06:51:21,274 functional 35 140575732868800 
def backend_cleanup():
    return 1

DEBUG 2025-05-29 06:51:21,275 functional 35 140575732868800 
def send_mail_login_failed_deactivate(self, subject, user_id, current_language_code):
    return 1

DEBUG 2025-05-29 06:51:21,275 functional 35 140575732868800 
def chain(*args, **kwargs):
    return 1

DEBUG 2025-05-29 06:51:21,276 functional 35 140575732868800 
def xstarmap(task, it):
    return 1

DEBUG 2025-05-29 06:51:21,276 functional 35 140575732868800 
def send_mail_otp_forgot_password(self, subject, user_id, otp_code, otp_expiry_minutes, current_language_code):
    return 1

DEBUG 2025-05-29 06:51:21,277 functional 35 140575732868800 
def accumulate(self, *args, **kwargs):
    return 1

DEBUG 2025-05-29 06:51:21,277 functional 35 140575732868800 
def chord(self, header, body, partial_args=0, interval=1, countdown=2, max_retries=3, eager=4, **kwargs):
    return 1

DEBUG 2025-05-29 06:51:21,278 functional 35 140575732868800 
def send_email_otp_login(self, subject, user_id, otp_code, otp_expiry_minutes, current_language_code):
    return 1

DEBUG 2025-05-29 06:51:21,278 functional 35 140575732868800 
def chunks(task, it, n):
    return 1

DEBUG 2025-05-29 06:51:21,279 functional 35 140575732868800 
def unlock_chord(self, group_id, callback, interval=0, max_retries=1, result=2, Result=3, GroupResult=4, result_from_tuple=5, **kwargs):
    return 1

DEBUG 2025-05-29 07:07:14,261 functional 45 140071601645248 
def send_mail_login_failed_deactivate(self, subject, user_id, current_language_code):
    return 1

DEBUG 2025-05-29 07:07:14,263 functional 45 140071601645248 
def group(self, tasks, result, group_id, partial_args, add_to_parent=0):
    return 1

DEBUG 2025-05-29 07:07:14,264 functional 45 140071601645248 
def xmap(task, it):
    return 1

DEBUG 2025-05-29 07:07:14,265 functional 45 140071601645248 
def send_mail_otp_forgot_password(self, subject, user_id, otp_code, otp_expiry_minutes, current_language_code):
    return 1

DEBUG 2025-05-29 07:07:14,266 functional 45 140071601645248 
def backend_cleanup():
    return 1

DEBUG 2025-05-29 07:07:14,267 functional 45 140071601645248 
def chain(*args, **kwargs):
    return 1

DEBUG 2025-05-29 07:07:14,267 functional 45 140071601645248 
def send_email_otp_login(self, subject, user_id, otp_code, otp_expiry_minutes, current_language_code):
    return 1

DEBUG 2025-05-29 07:07:14,268 functional 45 140071601645248 
def xstarmap(task, it):
    return 1

DEBUG 2025-05-29 07:07:14,269 functional 45 140071601645248 
def accumulate(self, *args, **kwargs):
    return 1

DEBUG 2025-05-29 07:07:14,269 functional 45 140071601645248 
def chord(self, header, body, partial_args=0, interval=1, countdown=2, max_retries=3, eager=4, **kwargs):
    return 1

DEBUG 2025-05-29 07:07:14,270 functional 45 140071601645248 
def chunks(task, it, n):
    return 1

DEBUG 2025-05-29 07:07:14,270 functional 45 140071601645248 
def unlock_chord(self, group_id, callback, interval=0, max_retries=1, result=2, Result=3, GroupResult=4, result_from_tuple=5, **kwargs):
    return 1

DEBUG 2025-05-29 08:35:22,758 functional 17 140583958947520 
def send_mail_login_failed_deactivate(self, subject, user_id, current_language_code):
    return 1

DEBUG 2025-05-29 08:35:22,759 functional 17 140583958947520 
def group(self, tasks, result, group_id, partial_args, add_to_parent=0):
    return 1

DEBUG 2025-05-29 08:35:22,760 functional 17 140583958947520 
def xmap(task, it):
    return 1

DEBUG 2025-05-29 08:35:22,760 functional 17 140583958947520 
def send_mail_otp_forgot_password(self, subject, user_id, otp_code, otp_expiry_minutes, current_language_code):
    return 1

DEBUG 2025-05-29 08:35:22,761 functional 17 140583958947520 
def backend_cleanup():
    return 1

DEBUG 2025-05-29 08:35:22,761 functional 17 140583958947520 
def chain(*args, **kwargs):
    return 1

DEBUG 2025-05-29 08:35:22,761 functional 17 140583958947520 
def send_email_otp_login(self, subject, user_id, otp_code, otp_expiry_minutes, current_language_code):
    return 1

DEBUG 2025-05-29 08:35:22,762 functional 17 140583958947520 
def xstarmap(task, it):
    return 1

DEBUG 2025-05-29 08:35:22,762 functional 17 140583958947520 
def accumulate(self, *args, **kwargs):
    return 1

DEBUG 2025-05-29 08:35:22,763 functional 17 140583958947520 
def chord(self, header, body, partial_args=0, interval=1, countdown=2, max_retries=3, eager=4, **kwargs):
    return 1

DEBUG 2025-05-29 08:35:22,763 functional 17 140583958947520 
def chunks(task, it, n):
    return 1

DEBUG 2025-05-29 08:35:22,764 functional 17 140583958947520 
def unlock_chord(self, group_id, callback, interval=0, max_retries=1, result=2, Result=3, GroupResult=4, result_from_tuple=5, **kwargs):
    return 1

DEBUG 2025-05-29 08:38:04,246 functional 21 140143633622720 
def group(self, tasks, result, group_id, partial_args, add_to_parent=0):
    return 1

DEBUG 2025-05-29 08:38:04,248 functional 21 140143633622720 
def xmap(task, it):
    return 1

DEBUG 2025-05-29 08:38:04,248 functional 21 140143633622720 
def backend_cleanup():
    return 1

DEBUG 2025-05-29 08:38:04,249 functional 21 140143633622720 
def send_mail_login_failed_deactivate(self, subject, user_id, current_language_code):
    return 1

DEBUG 2025-05-29 08:38:04,249 functional 21 140143633622720 
def chain(*args, **kwargs):
    return 1

DEBUG 2025-05-29 08:38:04,249 functional 21 140143633622720 
def xstarmap(task, it):
    return 1

DEBUG 2025-05-29 08:38:04,250 functional 21 140143633622720 
def send_mail_otp_forgot_password(self, subject, user_id, otp_code, otp_expiry_minutes, current_language_code):
    return 1

DEBUG 2025-05-29 08:38:04,250 functional 21 140143633622720 
def accumulate(self, *args, **kwargs):
    return 1

DEBUG 2025-05-29 08:38:04,251 functional 21 140143633622720 
def chord(self, header, body, partial_args=0, interval=1, countdown=2, max_retries=3, eager=4, **kwargs):
    return 1

DEBUG 2025-05-29 08:38:04,253 functional 21 140143633622720 
def send_email_otp_login(self, subject, user_id, otp_code, otp_expiry_minutes, current_language_code):
    return 1

DEBUG 2025-05-29 08:38:04,253 functional 21 140143633622720 
def chunks(task, it, n):
    return 1

DEBUG 2025-05-29 08:38:04,255 functional 21 140143633622720 
def unlock_chord(self, group_id, callback, interval=0, max_retries=1, result=2, Result=3, GroupResult=4, result_from_tuple=5, **kwargs):
    return 1

DEBUG 2025-05-29 08:45:40,196 functional 29 140184201930432 
def group(self, tasks, result, group_id, partial_args, add_to_parent=0):
    return 1

DEBUG 2025-05-29 08:45:40,197 functional 29 140184201930432 
def xmap(task, it):
    return 1

DEBUG 2025-05-29 08:45:40,197 functional 29 140184201930432 
def backend_cleanup():
    return 1

DEBUG 2025-05-29 08:45:40,198 functional 29 140184201930432 
def send_mail_login_failed_deactivate(self, subject, user_id, current_language_code):
    return 1

DEBUG 2025-05-29 08:45:40,198 functional 29 140184201930432 
def chain(*args, **kwargs):
    return 1

DEBUG 2025-05-29 08:45:40,198 functional 29 140184201930432 
def xstarmap(task, it):
    return 1

DEBUG 2025-05-29 08:45:40,199 functional 29 140184201930432 
def send_mail_otp_forgot_password(self, subject, user_id, otp_code, otp_expiry_minutes, current_language_code):
    return 1

DEBUG 2025-05-29 08:45:40,199 functional 29 140184201930432 
def accumulate(self, *args, **kwargs):
    return 1

DEBUG 2025-05-29 08:45:40,200 functional 29 140184201930432 
def chord(self, header, body, partial_args=0, interval=1, countdown=2, max_retries=3, eager=4, **kwargs):
    return 1

DEBUG 2025-05-29 08:45:40,200 functional 29 140184201930432 
def send_email_otp_login(self, subject, user_id, otp_code, otp_expiry_minutes, current_language_code):
    return 1

DEBUG 2025-05-29 08:45:40,200 functional 29 140184201930432 
def chunks(task, it, n):
    return 1

DEBUG 2025-05-29 08:45:40,201 functional 29 140184201930432 
def unlock_chord(self, group_id, callback, interval=0, max_retries=1, result=2, Result=3, GroupResult=4, result_from_tuple=5, **kwargs):
    return 1

DEBUG 2025-05-29 08:50:40,589 functional 35 140446031410880 
def group(self, tasks, result, group_id, partial_args, add_to_parent=0):
    return 1

DEBUG 2025-05-29 08:50:40,591 functional 35 140446031410880 
def xmap(task, it):
    return 1

DEBUG 2025-05-29 08:50:40,591 functional 35 140446031410880 
def backend_cleanup():
    return 1

DEBUG 2025-05-29 08:50:40,591 functional 35 140446031410880 
def send_mail_login_failed_deactivate(self, subject, user_id, current_language_code):
    return 1

DEBUG 2025-05-29 08:50:40,592 functional 35 140446031410880 
def chain(*args, **kwargs):
    return 1

DEBUG 2025-05-29 08:50:40,592 functional 35 140446031410880 
def xstarmap(task, it):
    return 1

DEBUG 2025-05-29 08:50:40,593 functional 35 140446031410880 
def send_mail_otp_forgot_password(self, subject, user_id, otp_code, otp_expiry_minutes, current_language_code):
    return 1

DEBUG 2025-05-29 08:50:40,593 functional 35 140446031410880 
def accumulate(self, *args, **kwargs):
    return 1

DEBUG 2025-05-29 08:50:40,593 functional 35 140446031410880 
def chord(self, header, body, partial_args=0, interval=1, countdown=2, max_retries=3, eager=4, **kwargs):
    return 1

DEBUG 2025-05-29 08:50:40,594 functional 35 140446031410880 
def send_email_otp_login(self, subject, user_id, otp_code, otp_expiry_minutes, current_language_code):
    return 1

DEBUG 2025-05-29 08:50:40,594 functional 35 140446031410880 
def chunks(task, it, n):
    return 1

DEBUG 2025-05-29 08:50:40,595 functional 35 140446031410880 
def unlock_chord(self, group_id, callback, interval=0, max_retries=1, result=2, Result=3, GroupResult=4, result_from_tuple=5, **kwargs):
    return 1

DEBUG 2025-05-29 08:55:16,393 functional 41 139627633567424 
def group(self, tasks, result, group_id, partial_args, add_to_parent=0):
    return 1

DEBUG 2025-05-29 08:55:16,394 functional 41 139627633567424 
def xmap(task, it):
    return 1

DEBUG 2025-05-29 08:55:16,394 functional 41 139627633567424 
def backend_cleanup():
    return 1

DEBUG 2025-05-29 08:55:16,395 functional 41 139627633567424 
def send_mail_login_failed_deactivate(self, subject, user_id, current_language_code):
    return 1

DEBUG 2025-05-29 08:55:16,395 functional 41 139627633567424 
def chain(*args, **kwargs):
    return 1

DEBUG 2025-05-29 08:55:16,395 functional 41 139627633567424 
def xstarmap(task, it):
    return 1

DEBUG 2025-05-29 08:55:16,396 functional 41 139627633567424 
def send_mail_otp_forgot_password(self, subject, user_id, otp_code, otp_expiry_minutes, current_language_code):
    return 1

DEBUG 2025-05-29 08:55:16,397 functional 41 139627633567424 
def accumulate(self, *args, **kwargs):
    return 1

DEBUG 2025-05-29 08:55:16,397 functional 41 139627633567424 
def chord(self, header, body, partial_args=0, interval=1, countdown=2, max_retries=3, eager=4, **kwargs):
    return 1

DEBUG 2025-05-29 08:55:16,398 functional 41 139627633567424 
def send_email_otp_login(self, subject, user_id, otp_code, otp_expiry_minutes, current_language_code):
    return 1

DEBUG 2025-05-29 08:55:16,399 functional 41 139627633567424 
def chunks(task, it, n):
    return 1

DEBUG 2025-05-29 08:55:16,399 functional 41 139627633567424 
def unlock_chord(self, group_id, callback, interval=0, max_retries=1, result=2, Result=3, GroupResult=4, result_from_tuple=5, **kwargs):
    return 1

DEBUG 2025-05-29 08:58:22,490 functional 51 140077875328704 
def group(self, tasks, result, group_id, partial_args, add_to_parent=0):
    return 1

DEBUG 2025-05-29 08:58:22,491 functional 51 140077875328704 
def xmap(task, it):
    return 1

DEBUG 2025-05-29 08:58:22,491 functional 51 140077875328704 
def backend_cleanup():
    return 1

DEBUG 2025-05-29 08:58:22,492 functional 51 140077875328704 
def send_mail_login_failed_deactivate(self, subject, user_id, current_language_code):
    return 1

DEBUG 2025-05-29 08:58:22,492 functional 51 140077875328704 
def chain(*args, **kwargs):
    return 1

DEBUG 2025-05-29 08:58:22,492 functional 51 140077875328704 
def xstarmap(task, it):
    return 1

DEBUG 2025-05-29 08:58:22,493 functional 51 140077875328704 
def send_mail_otp_forgot_password(self, subject, user_id, otp_code, otp_expiry_minutes, current_language_code):
    return 1

DEBUG 2025-05-29 08:58:22,493 functional 51 140077875328704 
def accumulate(self, *args, **kwargs):
    return 1

DEBUG 2025-05-29 08:58:22,493 functional 51 140077875328704 
def chord(self, header, body, partial_args=0, interval=1, countdown=2, max_retries=3, eager=4, **kwargs):
    return 1

DEBUG 2025-05-29 08:58:22,494 functional 51 140077875328704 
def send_email_otp_login(self, subject, user_id, otp_code, otp_expiry_minutes, current_language_code):
    return 1

DEBUG 2025-05-29 08:58:22,494 functional 51 140077875328704 
def chunks(task, it, n):
    return 1

DEBUG 2025-05-29 08:58:22,494 functional 51 140077875328704 
def unlock_chord(self, group_id, callback, interval=0, max_retries=1, result=2, Result=3, GroupResult=4, result_from_tuple=5, **kwargs):
    return 1

DEBUG 2025-05-30 08:49:50,284 functional 25 140511681656512 
def send_mail_login_failed_deactivate(self, subject, user_id, current_language_code):
    return 1

DEBUG 2025-05-30 08:49:50,286 functional 25 140511681656512 
def group(self, tasks, result, group_id, partial_args, add_to_parent=0):
    return 1

DEBUG 2025-05-30 08:49:50,286 functional 25 140511681656512 
def xmap(task, it):
    return 1

DEBUG 2025-05-30 08:49:50,287 functional 25 140511681656512 
def backend_cleanup():
    return 1

DEBUG 2025-05-30 08:49:50,287 functional 25 140511681656512 
def send_mail_otp_forgot_password(self, subject, user_id, otp_code, otp_expiry_minutes, current_language_code):
    return 1

DEBUG 2025-05-30 08:49:50,287 functional 25 140511681656512 
def chain(*args, **kwargs):
    return 1

DEBUG 2025-05-30 08:49:50,288 functional 25 140511681656512 
def xstarmap(task, it):
    return 1

DEBUG 2025-05-30 08:49:50,288 functional 25 140511681656512 
def accumulate(self, *args, **kwargs):
    return 1

DEBUG 2025-05-30 08:49:50,288 functional 25 140511681656512 
def send_email_otp_login(self, subject, user_id, otp_code, otp_expiry_minutes, current_language_code):
    return 1

DEBUG 2025-05-30 08:49:50,289 functional 25 140511681656512 
def chord(self, header, body, partial_args=0, interval=1, countdown=2, max_retries=3, eager=4, **kwargs):
    return 1

DEBUG 2025-05-30 08:49:50,289 functional 25 140511681656512 
def chunks(task, it, n):
    return 1

DEBUG 2025-05-30 08:49:50,289 functional 25 140511681656512 
def unlock_chord(self, group_id, callback, interval=0, max_retries=1, result=2, Result=3, GroupResult=4, result_from_tuple=5, **kwargs):
    return 1

